<?xml version="1.0" encoding="UTF-8"?>
<!-- Generated by org.testng.reporters.JUnitReportReporter -->
<testsuite hostname="Macs-MBP.fios-router.home" failures="0" tests="3" name="cubesoftware.LoginTest" time="20.612" errors="0" timestamp="2021-03-22T21:22:00 EDT" skipped="0">
  <testcase classname="cubesoftware.LoginTest" name="menuSelection" time="10.485"/>
  <system-out/>
  <testcase classname="cubesoftware.LoginTest" name="verifyTitle" time="3.916"/>
  <system-out/>
  <testcase classname="cubesoftware.LoginTest" name="secondMenu" time="6.211"/>
  <system-out/>
</testsuite> <!-- cubesoftware.LoginTest -->
